{"level":"info","message":"Conectando a la base de datos en localhost con el usuario Admin","timestamp":"2025-02-26T16:49:00.754Z"}
{"level":"info","message":"Servidor corriendo en http://localhost:3000","timestamp":"2025-02-26T16:49:00.814Z"}
2025-02-26 13:00:19 info: Conectando a la base de datos en localhost con el usuario Admin
2025-02-26 13:00:19 info: Servidor corriendo en http://localhost:3000
2025-03-02 14:20:55 info: Conectando a la base de datos en undefined con el usuario undefined
2025-03-02 14:20:55 info: Servidor corriendo en http://localhost:3000
2025-03-02 19:31:13 info: Conectando a la base de datos en localhost con el usuario Admin
2025-03-02 19:31:13 info: Servidor corriendo en http://localhost:3000
2025-03-08 11:30:55 info: Conectando a la base de datos en localhost con el usuario Admin
2025-03-08 11:30:55 info: Servidor corriendo en http://localhost:3000
2025-03-08 11:34:59 info: Conectando a la base de datos en localhost con el usuario Admin
2025-03-08 11:34:59 info: Servidor corriendo en http://localhost:3000
2025-03-08 11:36:26 info: Conectando a la base de datos en localhost con el usuario Admin
2025-03-08 11:36:26 info: Servidor corriendo en http://localhost:3000
2025-03-08 11:44:46 info: Conectando a la base de datos en localhost con el usuario Admin
2025-03-08 11:44:46 info: Servidor corriendo en http://localhost:3000
2025-03-08 12:06:15 info: Conectando a la base de datos en localhost con el usuario Admin
2025-03-08 12:06:15 info: Servidor corriendo en http://localhost:3000
2025-03-08 12:11:09 info: Conectando a la base de datos en localhost con el usuario Admin
2025-03-08 12:11:09 info: Servidor corriendo en http://localhost:5000
2025-03-08 12:16:34 info: Conectando a la base de datos en localhost con el usuario Admin
2025-03-08 12:16:34 info: Servidor corriendo en http://localhost:5000
2025-03-08 12:46:06 info: Conectando a la base de datos en localhost con el usuario Admin
2025-03-08 12:46:06 info: Servidor corriendo en http://localhost:5000
2025-03-09 08:48:48 info: Conectando a la base de datos en localhost con el usuario Admin
2025-03-09 08:48:48 info: Servidor corriendo en http://localhost:5000
2025-03-09 09:43:03 info: Conectando a la base de datos en localhost con el usuario Admin
2025-03-09 09:43:03 info: Servidor corriendo en http://localhost:5000
2025-03-09 09:44:52 info: Conectando a la base de datos en localhost con el usuario Admin
2025-03-09 09:44:52 info: Servidor corriendo en http://localhost:5000
